[17-Aug-2025 03:00:46 UTC] PHP Warning:  Attempt to read property "ID" on null in C:\laragon\www\Portfolio\wp-content\plugins\pojo-accessibility\modules\remediation\classes\utils.php on line 59
[17-Aug-2025 03:00:46 UTC] PHP Warning:  Attempt to read property "ID" on null in C:\laragon\www\Portfolio\wp-content\plugins\pojo-accessibility\modules\remediation\classes\utils.php on line 59
[17-Aug-2025 03:00:46 UTC] PHP Warning:  Attempt to read property "ID" on null in C:\laragon\www\Portfolio\wp-content\plugins\pojo-accessibility\modules\remediation\classes\utils.php on line 59
[17-Aug-2025 03:00:50 UTC] PHP Warning:  Attempt to read property "ID" on null in C:\laragon\www\Portfolio\wp-content\plugins\pojo-accessibility\modules\remediation\classes\utils.php on line 59
[17-Aug-2025 03:00:51 UTC] PHP Warning:  Attempt to read property "ID" on null in C:\laragon\www\Portfolio\wp-content\plugins\pojo-accessibility\modules\remediation\classes\utils.php on line 59
[17-Aug-2025 03:00:51 UTC] PHP Warning:  Attempt to read property "ID" on null in C:\laragon\www\Portfolio\wp-content\plugins\pojo-accessibility\modules\remediation\classes\utils.php on line 59
[17-Aug-2025 03:01:36 UTC] PHP Warning:  Attempt to read property "ID" on null in C:\laragon\www\Portfolio\wp-content\plugins\pojo-accessibility\modules\remediation\classes\utils.php on line 59
[17-Aug-2025 03:01:36 UTC] PHP Warning:  Attempt to read property "ID" on null in C:\laragon\www\Portfolio\wp-content\plugins\pojo-accessibility\modules\remediation\classes\utils.php on line 59
[17-Aug-2025 03:01:36 UTC] PHP Warning:  Attempt to read property "ID" on null in C:\laragon\www\Portfolio\wp-content\plugins\pojo-accessibility\modules\remediation\classes\utils.php on line 59
[17-Aug-2025 03:01:49 UTC] PHP Warning:  Attempt to read property "ID" on null in C:\laragon\www\Portfolio\wp-content\plugins\pojo-accessibility\modules\remediation\classes\utils.php on line 59
[17-Aug-2025 03:01:49 UTC] PHP Warning:  Attempt to read property "ID" on null in C:\laragon\www\Portfolio\wp-content\plugins\pojo-accessibility\modules\remediation\classes\utils.php on line 59
[17-Aug-2025 03:01:49 UTC] PHP Warning:  Attempt to read property "ID" on null in C:\laragon\www\Portfolio\wp-content\plugins\pojo-accessibility\modules\remediation\classes\utils.php on line 59
[17-Aug-2025 03:01:58 UTC] PHP Warning:  Attempt to read property "ID" on null in C:\laragon\www\Portfolio\wp-content\plugins\pojo-accessibility\modules\remediation\classes\utils.php on line 59
[17-Aug-2025 03:01:58 UTC] PHP Warning:  Attempt to read property "ID" on null in C:\laragon\www\Portfolio\wp-content\plugins\pojo-accessibility\modules\remediation\classes\utils.php on line 59
[17-Aug-2025 03:01:58 UTC] PHP Warning:  Attempt to read property "ID" on null in C:\laragon\www\Portfolio\wp-content\plugins\pojo-accessibility\modules\remediation\classes\utils.php on line 59
[17-Aug-2025 03:02:24 UTC] PHP Warning:  Attempt to read property "ID" on null in C:\laragon\www\Portfolio\wp-content\plugins\pojo-accessibility\modules\remediation\classes\utils.php on line 59
[17-Aug-2025 03:02:24 UTC] PHP Warning:  Attempt to read property "ID" on null in C:\laragon\www\Portfolio\wp-content\plugins\pojo-accessibility\modules\remediation\classes\utils.php on line 59
[17-Aug-2025 03:02:24 UTC] PHP Warning:  Attempt to read property "ID" on null in C:\laragon\www\Portfolio\wp-content\plugins\pojo-accessibility\modules\remediation\classes\utils.php on line 59
[17-Aug-2025 03:03:26 UTC] PHP Warning:  Attempt to read property "ID" on null in C:\laragon\www\Portfolio\wp-content\plugins\pojo-accessibility\modules\remediation\classes\utils.php on line 59
[17-Aug-2025 03:03:26 UTC] PHP Warning:  Attempt to read property "ID" on null in C:\laragon\www\Portfolio\wp-content\plugins\pojo-accessibility\modules\remediation\classes\utils.php on line 59
[17-Aug-2025 03:03:26 UTC] PHP Warning:  Attempt to read property "ID" on null in C:\laragon\www\Portfolio\wp-content\plugins\pojo-accessibility\modules\remediation\classes\utils.php on line 59
[17-Aug-2025 03:04:27 UTC] PHP Warning:  Attempt to read property "ID" on null in C:\laragon\www\Portfolio\wp-content\plugins\pojo-accessibility\modules\remediation\classes\utils.php on line 59
[17-Aug-2025 03:04:27 UTC] PHP Warning:  Attempt to read property "ID" on null in C:\laragon\www\Portfolio\wp-content\plugins\pojo-accessibility\modules\remediation\classes\utils.php on line 59
[17-Aug-2025 03:04:27 UTC] PHP Warning:  Attempt to read property "ID" on null in C:\laragon\www\Portfolio\wp-content\plugins\pojo-accessibility\modules\remediation\classes\utils.php on line 59
[17-Aug-2025 03:04:31 UTC] PHP Warning:  Attempt to read property "ID" on null in C:\laragon\www\Portfolio\wp-content\plugins\pojo-accessibility\modules\remediation\classes\utils.php on line 59
[17-Aug-2025 03:04:31 UTC] PHP Warning:  Attempt to read property "ID" on null in C:\laragon\www\Portfolio\wp-content\plugins\pojo-accessibility\modules\remediation\classes\utils.php on line 59
[17-Aug-2025 03:04:31 UTC] PHP Warning:  Attempt to read property "ID" on null in C:\laragon\www\Portfolio\wp-content\plugins\pojo-accessibility\modules\remediation\classes\utils.php on line 59
[17-Aug-2025 03:04:56 UTC] PHP Warning:  Trying to access array offset on value of type bool in C:\laragon\www\Portfolio\wp-content\plugins\elementor\includes\managers\image.php on line 113
[17-Aug-2025 03:04:56 UTC] PHP Warning:  Trying to access array offset on value of type bool in C:\laragon\www\Portfolio\wp-content\plugins\elementor\includes\managers\image.php on line 113
[17-Aug-2025 03:04:56 UTC] PHP Warning:  Trying to access array offset on value of type bool in C:\laragon\www\Portfolio\wp-content\plugins\elementor\includes\managers\image.php on line 113
[17-Aug-2025 03:04:56 UTC] PHP Warning:  Trying to access array offset on value of type bool in C:\laragon\www\Portfolio\wp-content\plugins\elementor\includes\managers\image.php on line 113
[17-Aug-2025 03:04:56 UTC] PHP Warning:  Trying to access array offset on value of type bool in C:\laragon\www\Portfolio\wp-content\plugins\elementor\includes\managers\image.php on line 113
[17-Aug-2025 03:04:56 UTC] PHP Warning:  Trying to access array offset on value of type bool in C:\laragon\www\Portfolio\wp-content\plugins\elementor\includes\managers\image.php on line 113
[17-Aug-2025 03:04:56 UTC] PHP Warning:  Trying to access array offset on value of type bool in C:\laragon\www\Portfolio\wp-content\plugins\elementor\includes\managers\image.php on line 113
[17-Aug-2025 03:04:56 UTC] PHP Warning:  Trying to access array offset on value of type bool in C:\laragon\www\Portfolio\wp-content\plugins\elementor\includes\managers\image.php on line 113
[17-Aug-2025 03:05:39 UTC] PHP Warning:  Undefined array key "editor_post_id" in C:\laragon\www\Portfolio\wp-content\plugins\pro-elements\modules\theme-builder\classes\conditions-manager.php on line 183
[17-Aug-2025 03:05:39 UTC] PHP Warning:  Undefined array key "editor_post_id" in C:\laragon\www\Portfolio\wp-content\plugins\elementor\modules\history\revisions-manager.php on line 363
[17-Aug-2025 03:06:17 UTC] PHP Warning:  Attempt to read property "ID" on null in C:\laragon\www\Portfolio\wp-content\plugins\pojo-accessibility\modules\remediation\classes\utils.php on line 59
[17-Aug-2025 03:06:17 UTC] PHP Warning:  Attempt to read property "ID" on null in C:\laragon\www\Portfolio\wp-content\plugins\pojo-accessibility\modules\remediation\classes\utils.php on line 59
[17-Aug-2025 03:06:17 UTC] PHP Warning:  Attempt to read property "ID" on null in C:\laragon\www\Portfolio\wp-content\plugins\pojo-accessibility\modules\remediation\classes\utils.php on line 59
[17-Aug-2025 03:06:46 UTC] PHP Warning:  Attempt to read property "ID" on null in C:\laragon\www\Portfolio\wp-content\plugins\pojo-accessibility\modules\remediation\classes\utils.php on line 59
[17-Aug-2025 03:06:46 UTC] PHP Warning:  Attempt to read property "ID" on null in C:\laragon\www\Portfolio\wp-content\plugins\pojo-accessibility\modules\remediation\classes\utils.php on line 59
[17-Aug-2025 03:06:46 UTC] PHP Warning:  Attempt to read property "ID" on null in C:\laragon\www\Portfolio\wp-content\plugins\pojo-accessibility\modules\remediation\classes\utils.php on line 59
[17-Aug-2025 03:07:15 UTC] PHP Warning:  Attempt to read property "ID" on null in C:\laragon\www\Portfolio\wp-content\plugins\pojo-accessibility\modules\remediation\classes\utils.php on line 59
[17-Aug-2025 03:07:15 UTC] PHP Warning:  Attempt to read property "ID" on null in C:\laragon\www\Portfolio\wp-content\plugins\pojo-accessibility\modules\remediation\classes\utils.php on line 59
[17-Aug-2025 03:07:15 UTC] PHP Warning:  Attempt to read property "ID" on null in C:\laragon\www\Portfolio\wp-content\plugins\pojo-accessibility\modules\remediation\classes\utils.php on line 59
[17-Aug-2025 03:08:43 UTC] PHP Warning:  Attempt to read property "ID" on null in C:\laragon\www\Portfolio\wp-content\plugins\pojo-accessibility\modules\remediation\classes\utils.php on line 59
[17-Aug-2025 03:08:43 UTC] PHP Warning:  Attempt to read property "ID" on null in C:\laragon\www\Portfolio\wp-content\plugins\pojo-accessibility\modules\remediation\classes\utils.php on line 59
[17-Aug-2025 03:08:43 UTC] PHP Warning:  Attempt to read property "ID" on null in C:\laragon\www\Portfolio\wp-content\plugins\pojo-accessibility\modules\remediation\classes\utils.php on line 59
[17-Aug-2025 03:08:47 UTC] PHP Warning:  Attempt to read property "ID" on null in C:\laragon\www\Portfolio\wp-content\plugins\pojo-accessibility\modules\remediation\classes\utils.php on line 59
[17-Aug-2025 03:08:47 UTC] PHP Warning:  Attempt to read property "ID" on null in C:\laragon\www\Portfolio\wp-content\plugins\pojo-accessibility\modules\remediation\classes\utils.php on line 59
[17-Aug-2025 03:08:47 UTC] PHP Warning:  Attempt to read property "ID" on null in C:\laragon\www\Portfolio\wp-content\plugins\pojo-accessibility\modules\remediation\classes\utils.php on line 59
[17-Aug-2025 03:09:02 UTC] PHP Warning:  Attempt to read property "ID" on null in C:\laragon\www\Portfolio\wp-content\plugins\pojo-accessibility\modules\remediation\classes\utils.php on line 59
[17-Aug-2025 03:09:02 UTC] PHP Warning:  Attempt to read property "ID" on null in C:\laragon\www\Portfolio\wp-content\plugins\pojo-accessibility\modules\remediation\classes\utils.php on line 59
[17-Aug-2025 03:09:02 UTC] PHP Warning:  Attempt to read property "ID" on null in C:\laragon\www\Portfolio\wp-content\plugins\pojo-accessibility\modules\remediation\classes\utils.php on line 59
[17-Aug-2025 03:09:07 UTC] PHP Warning:  Attempt to read property "ID" on null in C:\laragon\www\Portfolio\wp-content\plugins\pojo-accessibility\modules\remediation\classes\utils.php on line 59
[17-Aug-2025 03:09:07 UTC] PHP Warning:  Attempt to read property "ID" on null in C:\laragon\www\Portfolio\wp-content\plugins\pojo-accessibility\modules\remediation\classes\utils.php on line 59
[17-Aug-2025 03:09:07 UTC] PHP Warning:  Attempt to read property "ID" on null in C:\laragon\www\Portfolio\wp-content\plugins\pojo-accessibility\modules\remediation\classes\utils.php on line 59
[17-Aug-2025 03:09:14 UTC] PHP Warning:  Attempt to read property "ID" on null in C:\laragon\www\Portfolio\wp-content\plugins\pojo-accessibility\modules\remediation\classes\utils.php on line 59
[17-Aug-2025 03:09:14 UTC] PHP Warning:  Attempt to read property "ID" on null in C:\laragon\www\Portfolio\wp-content\plugins\pojo-accessibility\modules\remediation\classes\utils.php on line 59
[17-Aug-2025 03:09:14 UTC] PHP Warning:  Attempt to read property "ID" on null in C:\laragon\www\Portfolio\wp-content\plugins\pojo-accessibility\modules\remediation\classes\utils.php on line 59
[17-Aug-2025 03:09:29 UTC] PHP Warning:  Undefined array key "violations" in C:\laragon\www\Portfolio\wp-content\plugins\pojo-accessibility\modules\remediation\database\page-entry.php on line 72
[17-Aug-2025 03:09:29 UTC] PHP Warning:  Attempt to read property "ID" on null in C:\laragon\www\Portfolio\wp-content\plugins\pojo-accessibility\modules\remediation\classes\utils.php on line 59
[17-Aug-2025 03:09:29 UTC] PHP Warning:  Attempt to read property "ID" on null in C:\laragon\www\Portfolio\wp-content\plugins\pojo-accessibility\modules\remediation\classes\utils.php on line 59
[17-Aug-2025 03:09:29 UTC] PHP Warning:  Attempt to read property "ID" on null in C:\laragon\www\Portfolio\wp-content\plugins\pojo-accessibility\modules\remediation\classes\utils.php on line 59
[17-Aug-2025 03:09:36 UTC] PHP Warning:  Attempt to read property "ID" on null in C:\laragon\www\Portfolio\wp-content\plugins\pojo-accessibility\modules\remediation\classes\utils.php on line 59
[17-Aug-2025 03:09:36 UTC] PHP Warning:  Attempt to read property "ID" on null in C:\laragon\www\Portfolio\wp-content\plugins\pojo-accessibility\modules\remediation\classes\utils.php on line 59
[17-Aug-2025 03:09:36 UTC] PHP Warning:  Attempt to read property "ID" on null in C:\laragon\www\Portfolio\wp-content\plugins\pojo-accessibility\modules\remediation\classes\utils.php on line 59
[17-Aug-2025 03:09:45 UTC] PHP Warning:  Attempt to read property "ID" on null in C:\laragon\www\Portfolio\wp-content\plugins\pojo-accessibility\modules\remediation\classes\utils.php on line 59
[17-Aug-2025 03:09:45 UTC] PHP Warning:  Attempt to read property "ID" on null in C:\laragon\www\Portfolio\wp-content\plugins\pojo-accessibility\modules\remediation\classes\utils.php on line 59
[17-Aug-2025 03:09:46 UTC] PHP Warning:  Attempt to read property "ID" on null in C:\laragon\www\Portfolio\wp-content\plugins\pojo-accessibility\modules\remediation\classes\utils.php on line 59
[17-Aug-2025 03:10:11 UTC] PHP Warning:  Attempt to read property "ID" on null in C:\laragon\www\Portfolio\wp-content\plugins\pojo-accessibility\modules\remediation\classes\utils.php on line 59
[17-Aug-2025 03:10:11 UTC] PHP Warning:  Attempt to read property "ID" on null in C:\laragon\www\Portfolio\wp-content\plugins\pojo-accessibility\modules\remediation\classes\utils.php on line 59
[17-Aug-2025 03:10:11 UTC] PHP Warning:  Attempt to read property "ID" on null in C:\laragon\www\Portfolio\wp-content\plugins\pojo-accessibility\modules\remediation\classes\utils.php on line 59
[17-Aug-2025 03:10:25 UTC] PHP Warning:  Attempt to read property "ID" on null in C:\laragon\www\Portfolio\wp-content\plugins\pojo-accessibility\modules\remediation\classes\utils.php on line 59
[17-Aug-2025 03:10:25 UTC] PHP Warning:  Attempt to read property "ID" on null in C:\laragon\www\Portfolio\wp-content\plugins\pojo-accessibility\modules\remediation\classes\utils.php on line 59
[17-Aug-2025 03:10:25 UTC] PHP Warning:  Attempt to read property "ID" on null in C:\laragon\www\Portfolio\wp-content\plugins\pojo-accessibility\modules\remediation\classes\utils.php on line 59
[17-Aug-2025 03:10:38 UTC] PHP Warning:  Attempt to read property "ID" on null in C:\laragon\www\Portfolio\wp-content\plugins\pojo-accessibility\modules\remediation\classes\utils.php on line 59
[17-Aug-2025 03:10:38 UTC] PHP Warning:  Attempt to read property "ID" on null in C:\laragon\www\Portfolio\wp-content\plugins\pojo-accessibility\modules\remediation\classes\utils.php on line 59
[17-Aug-2025 03:10:38 UTC] PHP Warning:  Attempt to read property "ID" on null in C:\laragon\www\Portfolio\wp-content\plugins\pojo-accessibility\modules\remediation\classes\utils.php on line 59
[17-Aug-2025 03:10:42 UTC] PHP Warning:  Attempt to read property "ID" on null in C:\laragon\www\Portfolio\wp-content\plugins\pojo-accessibility\modules\remediation\classes\utils.php on line 59
[17-Aug-2025 03:10:42 UTC] PHP Warning:  Attempt to read property "ID" on null in C:\laragon\www\Portfolio\wp-content\plugins\pojo-accessibility\modules\remediation\classes\utils.php on line 59
[17-Aug-2025 03:10:42 UTC] PHP Warning:  Attempt to read property "ID" on null in C:\laragon\www\Portfolio\wp-content\plugins\pojo-accessibility\modules\remediation\classes\utils.php on line 59
[17-Aug-2025 03:10:45 UTC] PHP Warning:  Attempt to read property "ID" on null in C:\laragon\www\Portfolio\wp-content\plugins\pojo-accessibility\modules\remediation\classes\utils.php on line 59
[17-Aug-2025 03:10:45 UTC] PHP Warning:  Attempt to read property "ID" on null in C:\laragon\www\Portfolio\wp-content\plugins\pojo-accessibility\modules\remediation\classes\utils.php on line 59
[17-Aug-2025 03:10:45 UTC] PHP Warning:  Attempt to read property "ID" on null in C:\laragon\www\Portfolio\wp-content\plugins\pojo-accessibility\modules\remediation\classes\utils.php on line 59
[17-Aug-2025 03:12:04 UTC] PHP Warning:  Attempt to read property "ID" on null in C:\laragon\www\Portfolio\wp-content\plugins\pojo-accessibility\modules\remediation\classes\utils.php on line 59
[17-Aug-2025 03:12:04 UTC] PHP Warning:  Attempt to read property "ID" on null in C:\laragon\www\Portfolio\wp-content\plugins\pojo-accessibility\modules\remediation\classes\utils.php on line 59
[17-Aug-2025 03:12:04 UTC] PHP Warning:  Attempt to read property "ID" on null in C:\laragon\www\Portfolio\wp-content\plugins\pojo-accessibility\modules\remediation\classes\utils.php on line 59
[17-Aug-2025 03:12:07 UTC] PHP Warning:  Attempt to read property "ID" on null in C:\laragon\www\Portfolio\wp-content\plugins\pojo-accessibility\modules\remediation\classes\utils.php on line 59
[17-Aug-2025 03:12:07 UTC] PHP Warning:  Attempt to read property "ID" on null in C:\laragon\www\Portfolio\wp-content\plugins\pojo-accessibility\modules\remediation\classes\utils.php on line 59
[17-Aug-2025 03:12:07 UTC] PHP Warning:  Attempt to read property "ID" on null in C:\laragon\www\Portfolio\wp-content\plugins\pojo-accessibility\modules\remediation\classes\utils.php on line 59
[17-Aug-2025 03:12:16 UTC] PHP Warning:  Attempt to read property "ID" on null in C:\laragon\www\Portfolio\wp-content\plugins\pojo-accessibility\modules\remediation\classes\utils.php on line 59
[17-Aug-2025 03:12:16 UTC] PHP Warning:  Attempt to read property "ID" on null in C:\laragon\www\Portfolio\wp-content\plugins\pojo-accessibility\modules\remediation\classes\utils.php on line 59
[17-Aug-2025 03:12:16 UTC] PHP Warning:  Attempt to read property "ID" on null in C:\laragon\www\Portfolio\wp-content\plugins\pojo-accessibility\modules\remediation\classes\utils.php on line 59
[17-Aug-2025 03:12:49 UTC] PHP Warning:  Attempt to read property "ID" on null in C:\laragon\www\Portfolio\wp-content\plugins\pojo-accessibility\modules\remediation\classes\utils.php on line 59
[17-Aug-2025 03:12:50 UTC] PHP Warning:  Attempt to read property "ID" on null in C:\laragon\www\Portfolio\wp-content\plugins\pojo-accessibility\modules\remediation\classes\utils.php on line 59
[17-Aug-2025 03:12:50 UTC] PHP Warning:  Attempt to read property "ID" on null in C:\laragon\www\Portfolio\wp-content\plugins\pojo-accessibility\modules\remediation\classes\utils.php on line 59
[17-Aug-2025 03:13:20 UTC] PHP Warning:  Attempt to read property "ID" on null in C:\laragon\www\Portfolio\wp-content\plugins\pojo-accessibility\modules\remediation\classes\utils.php on line 59
[17-Aug-2025 03:13:20 UTC] PHP Warning:  Attempt to read property "ID" on null in C:\laragon\www\Portfolio\wp-content\plugins\pojo-accessibility\modules\remediation\classes\utils.php on line 59
[17-Aug-2025 03:13:20 UTC] PHP Warning:  Attempt to read property "ID" on null in C:\laragon\www\Portfolio\wp-content\plugins\pojo-accessibility\modules\remediation\classes\utils.php on line 59
[17-Aug-2025 03:13:24 UTC] PHP Warning:  Attempt to read property "ID" on null in C:\laragon\www\Portfolio\wp-content\plugins\pojo-accessibility\modules\remediation\classes\utils.php on line 59
[17-Aug-2025 03:13:24 UTC] PHP Warning:  Attempt to read property "ID" on null in C:\laragon\www\Portfolio\wp-content\plugins\pojo-accessibility\modules\remediation\classes\utils.php on line 59
[17-Aug-2025 03:13:24 UTC] PHP Warning:  Attempt to read property "ID" on null in C:\laragon\www\Portfolio\wp-content\plugins\pojo-accessibility\modules\remediation\classes\utils.php on line 59
[17-Aug-2025 03:13:26 UTC] PHP Warning:  Attempt to read property "ID" on null in C:\laragon\www\Portfolio\wp-content\plugins\pojo-accessibility\modules\remediation\classes\utils.php on line 59
[17-Aug-2025 03:13:26 UTC] PHP Warning:  Attempt to read property "ID" on null in C:\laragon\www\Portfolio\wp-content\plugins\pojo-accessibility\modules\remediation\classes\utils.php on line 59
[17-Aug-2025 03:13:26 UTC] PHP Warning:  Attempt to read property "ID" on null in C:\laragon\www\Portfolio\wp-content\plugins\pojo-accessibility\modules\remediation\classes\utils.php on line 59
[17-Aug-2025 03:13:37 UTC] PHP Warning:  Attempt to read property "ID" on null in C:\laragon\www\Portfolio\wp-content\plugins\pojo-accessibility\modules\remediation\classes\utils.php on line 59
[17-Aug-2025 03:13:37 UTC] PHP Warning:  Attempt to read property "ID" on null in C:\laragon\www\Portfolio\wp-content\plugins\pojo-accessibility\modules\remediation\classes\utils.php on line 59
[17-Aug-2025 03:13:37 UTC] PHP Warning:  Attempt to read property "ID" on null in C:\laragon\www\Portfolio\wp-content\plugins\pojo-accessibility\modules\remediation\classes\utils.php on line 59
[17-Aug-2025 03:13:41 UTC] PHP Warning:  Attempt to read property "ID" on null in C:\laragon\www\Portfolio\wp-content\plugins\pojo-accessibility\modules\remediation\classes\utils.php on line 59
[17-Aug-2025 03:13:41 UTC] PHP Warning:  Attempt to read property "ID" on null in C:\laragon\www\Portfolio\wp-content\plugins\pojo-accessibility\modules\remediation\classes\utils.php on line 59
[17-Aug-2025 03:13:41 UTC] PHP Warning:  Attempt to read property "ID" on null in C:\laragon\www\Portfolio\wp-content\plugins\pojo-accessibility\modules\remediation\classes\utils.php on line 59
[17-Aug-2025 03:14:38 UTC] PHP Warning:  Attempt to read property "ID" on null in C:\laragon\www\Portfolio\wp-content\plugins\pojo-accessibility\modules\remediation\classes\utils.php on line 59
[17-Aug-2025 03:14:39 UTC] PHP Warning:  Attempt to read property "ID" on null in C:\laragon\www\Portfolio\wp-content\plugins\pojo-accessibility\modules\remediation\classes\utils.php on line 59
[17-Aug-2025 03:14:39 UTC] PHP Warning:  Attempt to read property "ID" on null in C:\laragon\www\Portfolio\wp-content\plugins\pojo-accessibility\modules\remediation\classes\utils.php on line 59
[17-Aug-2025 03:14:43 UTC] PHP Warning:  Attempt to read property "ID" on null in C:\laragon\www\Portfolio\wp-content\plugins\pojo-accessibility\modules\remediation\classes\utils.php on line 59
[17-Aug-2025 03:14:43 UTC] PHP Warning:  Attempt to read property "ID" on null in C:\laragon\www\Portfolio\wp-content\plugins\pojo-accessibility\modules\remediation\classes\utils.php on line 59
[17-Aug-2025 03:14:43 UTC] PHP Warning:  Attempt to read property "ID" on null in C:\laragon\www\Portfolio\wp-content\plugins\pojo-accessibility\modules\remediation\classes\utils.php on line 59
[17-Aug-2025 03:14:46 UTC] PHP Warning:  Attempt to read property "ID" on null in C:\laragon\www\Portfolio\wp-content\plugins\pojo-accessibility\modules\remediation\classes\utils.php on line 59
[17-Aug-2025 03:14:46 UTC] PHP Warning:  Attempt to read property "ID" on null in C:\laragon\www\Portfolio\wp-content\plugins\pojo-accessibility\modules\remediation\classes\utils.php on line 59
[17-Aug-2025 03:14:46 UTC] PHP Warning:  Attempt to read property "ID" on null in C:\laragon\www\Portfolio\wp-content\plugins\pojo-accessibility\modules\remediation\classes\utils.php on line 59
[17-Aug-2025 03:14:49 UTC] PHP Warning:  Attempt to read property "ID" on null in C:\laragon\www\Portfolio\wp-content\plugins\pojo-accessibility\modules\remediation\classes\utils.php on line 59
[17-Aug-2025 03:14:49 UTC] PHP Warning:  Attempt to read property "ID" on null in C:\laragon\www\Portfolio\wp-content\plugins\pojo-accessibility\modules\remediation\classes\utils.php on line 59
[17-Aug-2025 03:14:49 UTC] PHP Warning:  Attempt to read property "ID" on null in C:\laragon\www\Portfolio\wp-content\plugins\pojo-accessibility\modules\remediation\classes\utils.php on line 59
[17-Aug-2025 03:15:42 UTC] PHP Warning:  Attempt to read property "ID" on null in C:\laragon\www\Portfolio\wp-content\plugins\pojo-accessibility\modules\remediation\classes\utils.php on line 59
[17-Aug-2025 03:15:42 UTC] PHP Warning:  Attempt to read property "ID" on null in C:\laragon\www\Portfolio\wp-content\plugins\pojo-accessibility\modules\remediation\classes\utils.php on line 59
[17-Aug-2025 03:15:42 UTC] PHP Warning:  Attempt to read property "ID" on null in C:\laragon\www\Portfolio\wp-content\plugins\pojo-accessibility\modules\remediation\classes\utils.php on line 59
[17-Aug-2025 03:15:46 UTC] PHP Warning:  Attempt to read property "ID" on null in C:\laragon\www\Portfolio\wp-content\plugins\pojo-accessibility\modules\remediation\classes\utils.php on line 59
[17-Aug-2025 03:15:46 UTC] PHP Warning:  Attempt to read property "ID" on null in C:\laragon\www\Portfolio\wp-content\plugins\pojo-accessibility\modules\remediation\classes\utils.php on line 59
[17-Aug-2025 03:15:46 UTC] PHP Warning:  Attempt to read property "ID" on null in C:\laragon\www\Portfolio\wp-content\plugins\pojo-accessibility\modules\remediation\classes\utils.php on line 59
[17-Aug-2025 03:15:49 UTC] PHP Warning:  Attempt to read property "ID" on null in C:\laragon\www\Portfolio\wp-content\plugins\pojo-accessibility\modules\remediation\classes\utils.php on line 59
[17-Aug-2025 03:15:49 UTC] PHP Warning:  Attempt to read property "ID" on null in C:\laragon\www\Portfolio\wp-content\plugins\pojo-accessibility\modules\remediation\classes\utils.php on line 59
[17-Aug-2025 03:15:49 UTC] PHP Warning:  Attempt to read property "ID" on null in C:\laragon\www\Portfolio\wp-content\plugins\pojo-accessibility\modules\remediation\classes\utils.php on line 59
[17-Aug-2025 03:15:58 UTC] PHP Warning:  Attempt to read property "ID" on null in C:\laragon\www\Portfolio\wp-content\plugins\pojo-accessibility\modules\remediation\classes\utils.php on line 59
[17-Aug-2025 03:15:58 UTC] PHP Warning:  Attempt to read property "ID" on null in C:\laragon\www\Portfolio\wp-content\plugins\pojo-accessibility\modules\remediation\classes\utils.php on line 59
[17-Aug-2025 03:15:58 UTC] PHP Warning:  Attempt to read property "ID" on null in C:\laragon\www\Portfolio\wp-content\plugins\pojo-accessibility\modules\remediation\classes\utils.php on line 59
[17-Aug-2025 03:18:24 UTC] PHP Warning:  Attempt to read property "ID" on null in C:\laragon\www\Portfolio\wp-content\plugins\pojo-accessibility\modules\remediation\classes\utils.php on line 59
[17-Aug-2025 03:18:24 UTC] PHP Warning:  Attempt to read property "ID" on null in C:\laragon\www\Portfolio\wp-content\plugins\pojo-accessibility\modules\remediation\classes\utils.php on line 59
[17-Aug-2025 03:18:24 UTC] PHP Warning:  Attempt to read property "ID" on null in C:\laragon\www\Portfolio\wp-content\plugins\pojo-accessibility\modules\remediation\classes\utils.php on line 59
[17-Aug-2025 03:19:14 UTC] PHP Warning:  Attempt to read property "ID" on null in C:\laragon\www\Portfolio\wp-content\plugins\pojo-accessibility\modules\remediation\classes\utils.php on line 59
[17-Aug-2025 03:19:14 UTC] PHP Warning:  Attempt to read property "ID" on null in C:\laragon\www\Portfolio\wp-content\plugins\pojo-accessibility\modules\remediation\classes\utils.php on line 59
[17-Aug-2025 03:19:14 UTC] PHP Warning:  Attempt to read property "ID" on null in C:\laragon\www\Portfolio\wp-content\plugins\pojo-accessibility\modules\remediation\classes\utils.php on line 59
[17-Aug-2025 03:24:01 UTC] PHP Warning:  Attempt to read property "ID" on null in C:\laragon\www\Portfolio\wp-content\plugins\pojo-accessibility\modules\remediation\classes\utils.php on line 59
[17-Aug-2025 03:24:01 UTC] PHP Warning:  Attempt to read property "ID" on null in C:\laragon\www\Portfolio\wp-content\plugins\pojo-accessibility\modules\remediation\classes\utils.php on line 59
[17-Aug-2025 03:24:01 UTC] PHP Warning:  Attempt to read property "ID" on null in C:\laragon\www\Portfolio\wp-content\plugins\pojo-accessibility\modules\remediation\classes\utils.php on line 59
[17-Aug-2025 03:24:46 UTC] PHP Warning:  Attempt to read property "ID" on null in C:\laragon\www\Portfolio\wp-content\plugins\pojo-accessibility\modules\remediation\classes\utils.php on line 59
[17-Aug-2025 03:24:46 UTC] PHP Warning:  Attempt to read property "ID" on null in C:\laragon\www\Portfolio\wp-content\plugins\pojo-accessibility\modules\remediation\classes\utils.php on line 59
[17-Aug-2025 03:24:46 UTC] PHP Warning:  Attempt to read property "ID" on null in C:\laragon\www\Portfolio\wp-content\plugins\pojo-accessibility\modules\remediation\classes\utils.php on line 59
[17-Aug-2025 03:24:50 UTC] PHP Warning:  Attempt to read property "ID" on null in C:\laragon\www\Portfolio\wp-content\plugins\pojo-accessibility\modules\remediation\classes\utils.php on line 59
[17-Aug-2025 03:24:50 UTC] PHP Warning:  Attempt to read property "ID" on null in C:\laragon\www\Portfolio\wp-content\plugins\pojo-accessibility\modules\remediation\classes\utils.php on line 59
[17-Aug-2025 03:24:50 UTC] PHP Warning:  Attempt to read property "ID" on null in C:\laragon\www\Portfolio\wp-content\plugins\pojo-accessibility\modules\remediation\classes\utils.php on line 59
[17-Aug-2025 03:25:15 UTC] PHP Warning:  Attempt to read property "ID" on null in C:\laragon\www\Portfolio\wp-content\plugins\pojo-accessibility\modules\remediation\classes\utils.php on line 59
[17-Aug-2025 03:25:15 UTC] PHP Warning:  Attempt to read property "ID" on null in C:\laragon\www\Portfolio\wp-content\plugins\pojo-accessibility\modules\remediation\classes\utils.php on line 59
[17-Aug-2025 03:25:15 UTC] PHP Warning:  Attempt to read property "ID" on null in C:\laragon\www\Portfolio\wp-content\plugins\pojo-accessibility\modules\remediation\classes\utils.php on line 59
[17-Aug-2025 03:25:31 UTC] PHP Warning:  Attempt to read property "ID" on null in C:\laragon\www\Portfolio\wp-content\plugins\pojo-accessibility\modules\remediation\classes\utils.php on line 59
[17-Aug-2025 03:25:31 UTC] PHP Warning:  Attempt to read property "ID" on null in C:\laragon\www\Portfolio\wp-content\plugins\pojo-accessibility\modules\remediation\classes\utils.php on line 59
[17-Aug-2025 03:25:31 UTC] PHP Warning:  Attempt to read property "ID" on null in C:\laragon\www\Portfolio\wp-content\plugins\pojo-accessibility\modules\remediation\classes\utils.php on line 59
[17-Aug-2025 03:25:36 UTC] PHP Warning:  Attempt to read property "ID" on null in C:\laragon\www\Portfolio\wp-content\plugins\pojo-accessibility\modules\remediation\classes\utils.php on line 59
[17-Aug-2025 03:25:36 UTC] PHP Warning:  Attempt to read property "ID" on null in C:\laragon\www\Portfolio\wp-content\plugins\pojo-accessibility\modules\remediation\classes\utils.php on line 59
[17-Aug-2025 03:25:36 UTC] PHP Warning:  Attempt to read property "ID" on null in C:\laragon\www\Portfolio\wp-content\plugins\pojo-accessibility\modules\remediation\classes\utils.php on line 59
[17-Aug-2025 03:25:40 UTC] PHP Warning:  Attempt to read property "ID" on null in C:\laragon\www\Portfolio\wp-content\plugins\pojo-accessibility\modules\remediation\classes\utils.php on line 59
[17-Aug-2025 03:25:40 UTC] PHP Warning:  Attempt to read property "ID" on null in C:\laragon\www\Portfolio\wp-content\plugins\pojo-accessibility\modules\remediation\classes\utils.php on line 59
[17-Aug-2025 03:25:40 UTC] PHP Warning:  Attempt to read property "ID" on null in C:\laragon\www\Portfolio\wp-content\plugins\pojo-accessibility\modules\remediation\classes\utils.php on line 59
[17-Aug-2025 03:25:41 UTC] PHP Warning:  Attempt to read property "ID" on null in C:\laragon\www\Portfolio\wp-content\plugins\pojo-accessibility\modules\remediation\classes\utils.php on line 59
[17-Aug-2025 03:25:41 UTC] PHP Warning:  Attempt to read property "ID" on null in C:\laragon\www\Portfolio\wp-content\plugins\pojo-accessibility\modules\remediation\classes\utils.php on line 59
[17-Aug-2025 03:25:41 UTC] PHP Warning:  Attempt to read property "ID" on null in C:\laragon\www\Portfolio\wp-content\plugins\pojo-accessibility\modules\remediation\classes\utils.php on line 59
[17-Aug-2025 03:25:48 UTC] PHP Warning:  Attempt to read property "ID" on null in C:\laragon\www\Portfolio\wp-content\plugins\pojo-accessibility\modules\remediation\classes\utils.php on line 59
[17-Aug-2025 03:25:48 UTC] PHP Warning:  Attempt to read property "ID" on null in C:\laragon\www\Portfolio\wp-content\plugins\pojo-accessibility\modules\remediation\classes\utils.php on line 59
[17-Aug-2025 03:25:48 UTC] PHP Warning:  Attempt to read property "ID" on null in C:\laragon\www\Portfolio\wp-content\plugins\pojo-accessibility\modules\remediation\classes\utils.php on line 59
[17-Aug-2025 03:27:53 UTC] PHP Warning:  Attempt to read property "ID" on null in C:\laragon\www\Portfolio\wp-content\plugins\pojo-accessibility\modules\remediation\classes\utils.php on line 59
[17-Aug-2025 03:27:53 UTC] PHP Warning:  Attempt to read property "ID" on null in C:\laragon\www\Portfolio\wp-content\plugins\pojo-accessibility\modules\remediation\classes\utils.php on line 59
[17-Aug-2025 03:27:53 UTC] PHP Warning:  Attempt to read property "ID" on null in C:\laragon\www\Portfolio\wp-content\plugins\pojo-accessibility\modules\remediation\classes\utils.php on line 59
[17-Aug-2025 03:30:18 UTC] PHP Warning:  Attempt to read property "ID" on null in C:\laragon\www\Portfolio\wp-content\plugins\pojo-accessibility\modules\remediation\classes\utils.php on line 59
[17-Aug-2025 03:30:18 UTC] PHP Warning:  Attempt to read property "ID" on null in C:\laragon\www\Portfolio\wp-content\plugins\pojo-accessibility\modules\remediation\classes\utils.php on line 59
[17-Aug-2025 03:30:18 UTC] PHP Warning:  Attempt to read property "ID" on null in C:\laragon\www\Portfolio\wp-content\plugins\pojo-accessibility\modules\remediation\classes\utils.php on line 59
[17-Aug-2025 03:33:02 UTC] PHP Warning:  Undefined array key "editor_post_id" in C:\laragon\www\Portfolio\wp-content\plugins\elementor\modules\history\revisions-manager.php on line 363
[17-Aug-2025 03:33:04 UTC] PHP Warning:  Attempt to read property "ID" on null in C:\laragon\www\Portfolio\wp-content\plugins\pojo-accessibility\modules\remediation\classes\utils.php on line 59
[17-Aug-2025 03:33:04 UTC] PHP Warning:  Attempt to read property "ID" on null in C:\laragon\www\Portfolio\wp-content\plugins\pojo-accessibility\modules\remediation\classes\utils.php on line 59
[17-Aug-2025 03:33:04 UTC] PHP Warning:  Attempt to read property "ID" on null in C:\laragon\www\Portfolio\wp-content\plugins\pojo-accessibility\modules\remediation\classes\utils.php on line 59
[17-Aug-2025 03:34:17 UTC] PHP Warning:  Attempt to read property "ID" on null in C:\laragon\www\Portfolio\wp-content\plugins\pojo-accessibility\modules\remediation\classes\utils.php on line 59
[17-Aug-2025 03:34:17 UTC] PHP Warning:  Attempt to read property "ID" on null in C:\laragon\www\Portfolio\wp-content\plugins\pojo-accessibility\modules\remediation\classes\utils.php on line 59
[17-Aug-2025 03:34:17 UTC] PHP Warning:  Attempt to read property "ID" on null in C:\laragon\www\Portfolio\wp-content\plugins\pojo-accessibility\modules\remediation\classes\utils.php on line 59
[17-Aug-2025 03:34:21 UTC] PHP Warning:  Attempt to read property "ID" on null in C:\laragon\www\Portfolio\wp-content\plugins\pojo-accessibility\modules\remediation\classes\utils.php on line 59
[17-Aug-2025 03:34:21 UTC] PHP Warning:  Attempt to read property "ID" on null in C:\laragon\www\Portfolio\wp-content\plugins\pojo-accessibility\modules\remediation\classes\utils.php on line 59
[17-Aug-2025 03:34:21 UTC] PHP Warning:  Attempt to read property "ID" on null in C:\laragon\www\Portfolio\wp-content\plugins\pojo-accessibility\modules\remediation\classes\utils.php on line 59
[17-Aug-2025 03:34:24 UTC] PHP Warning:  Attempt to read property "ID" on null in C:\laragon\www\Portfolio\wp-content\plugins\pojo-accessibility\modules\remediation\classes\utils.php on line 59
[17-Aug-2025 03:34:24 UTC] PHP Warning:  Attempt to read property "ID" on null in C:\laragon\www\Portfolio\wp-content\plugins\pojo-accessibility\modules\remediation\classes\utils.php on line 59
[17-Aug-2025 03:34:24 UTC] PHP Warning:  Attempt to read property "ID" on null in C:\laragon\www\Portfolio\wp-content\plugins\pojo-accessibility\modules\remediation\classes\utils.php on line 59
[17-Aug-2025 03:34:26 UTC] PHP Warning:  Attempt to read property "ID" on null in C:\laragon\www\Portfolio\wp-content\plugins\pojo-accessibility\modules\remediation\classes\utils.php on line 59
[17-Aug-2025 03:34:26 UTC] PHP Warning:  Attempt to read property "ID" on null in C:\laragon\www\Portfolio\wp-content\plugins\pojo-accessibility\modules\remediation\classes\utils.php on line 59
[17-Aug-2025 03:34:26 UTC] PHP Warning:  Attempt to read property "ID" on null in C:\laragon\www\Portfolio\wp-content\plugins\pojo-accessibility\modules\remediation\classes\utils.php on line 59
[17-Aug-2025 03:34:29 UTC] PHP Warning:  Attempt to read property "ID" on null in C:\laragon\www\Portfolio\wp-content\plugins\pojo-accessibility\modules\remediation\classes\utils.php on line 59
[17-Aug-2025 03:34:29 UTC] PHP Warning:  Attempt to read property "ID" on null in C:\laragon\www\Portfolio\wp-content\plugins\pojo-accessibility\modules\remediation\classes\utils.php on line 59
[17-Aug-2025 03:34:29 UTC] PHP Warning:  Attempt to read property "ID" on null in C:\laragon\www\Portfolio\wp-content\plugins\pojo-accessibility\modules\remediation\classes\utils.php on line 59
[17-Aug-2025 03:36:29 UTC] PHP Warning:  Attempt to read property "ID" on null in C:\laragon\www\Portfolio\wp-content\plugins\pojo-accessibility\modules\remediation\classes\utils.php on line 59
[17-Aug-2025 03:36:29 UTC] PHP Warning:  Attempt to read property "ID" on null in C:\laragon\www\Portfolio\wp-content\plugins\pojo-accessibility\modules\remediation\classes\utils.php on line 59
[17-Aug-2025 03:36:29 UTC] PHP Warning:  Attempt to read property "ID" on null in C:\laragon\www\Portfolio\wp-content\plugins\pojo-accessibility\modules\remediation\classes\utils.php on line 59
[17-Aug-2025 03:36:32 UTC] PHP Warning:  Attempt to read property "ID" on null in C:\laragon\www\Portfolio\wp-content\plugins\pojo-accessibility\modules\remediation\classes\utils.php on line 59
[17-Aug-2025 03:36:32 UTC] PHP Warning:  Attempt to read property "ID" on null in C:\laragon\www\Portfolio\wp-content\plugins\pojo-accessibility\modules\remediation\classes\utils.php on line 59
[17-Aug-2025 03:36:32 UTC] PHP Warning:  Attempt to read property "ID" on null in C:\laragon\www\Portfolio\wp-content\plugins\pojo-accessibility\modules\remediation\classes\utils.php on line 59
[17-Aug-2025 03:36:56 UTC] PHP Warning:  Attempt to read property "ID" on null in C:\laragon\www\Portfolio\wp-content\plugins\pojo-accessibility\modules\remediation\classes\utils.php on line 59
[17-Aug-2025 03:36:56 UTC] PHP Warning:  Attempt to read property "ID" on null in C:\laragon\www\Portfolio\wp-content\plugins\pojo-accessibility\modules\remediation\classes\utils.php on line 59
[17-Aug-2025 03:36:56 UTC] PHP Warning:  Attempt to read property "ID" on null in C:\laragon\www\Portfolio\wp-content\plugins\pojo-accessibility\modules\remediation\classes\utils.php on line 59
[17-Aug-2025 03:53:32 UTC] PHP Warning:  Attempt to read property "ID" on null in C:\laragon\www\Portfolio\wp-content\plugins\pojo-accessibility\modules\remediation\classes\utils.php on line 59
[17-Aug-2025 03:53:32 UTC] PHP Warning:  Attempt to read property "ID" on null in C:\laragon\www\Portfolio\wp-content\plugins\pojo-accessibility\modules\remediation\classes\utils.php on line 59
[17-Aug-2025 03:53:32 UTC] PHP Warning:  Attempt to read property "ID" on null in C:\laragon\www\Portfolio\wp-content\plugins\pojo-accessibility\modules\remediation\classes\utils.php on line 59
[17-Aug-2025 03:55:09 UTC] PHP Warning:  Attempt to read property "ID" on null in C:\laragon\www\Portfolio\wp-content\plugins\pojo-accessibility\modules\remediation\classes\utils.php on line 59
[17-Aug-2025 03:55:09 UTC] PHP Warning:  Attempt to read property "ID" on null in C:\laragon\www\Portfolio\wp-content\plugins\pojo-accessibility\modules\remediation\classes\utils.php on line 59
[17-Aug-2025 03:55:09 UTC] PHP Warning:  Attempt to read property "ID" on null in C:\laragon\www\Portfolio\wp-content\plugins\pojo-accessibility\modules\remediation\classes\utils.php on line 59
[17-Aug-2025 04:00:39 UTC] PHP Warning:  Attempt to read property "ID" on null in C:\laragon\www\Portfolio\wp-content\plugins\pojo-accessibility\modules\remediation\classes\utils.php on line 59
[17-Aug-2025 04:00:40 UTC] PHP Warning:  Attempt to read property "ID" on null in C:\laragon\www\Portfolio\wp-content\plugins\pojo-accessibility\modules\remediation\classes\utils.php on line 59
[17-Aug-2025 04:00:40 UTC] PHP Warning:  Attempt to read property "ID" on null in C:\laragon\www\Portfolio\wp-content\plugins\pojo-accessibility\modules\remediation\classes\utils.php on line 59
[17-Aug-2025 04:02:07 UTC] PHP Warning:  Attempt to read property "ID" on null in C:\laragon\www\Portfolio\wp-content\plugins\pojo-accessibility\modules\remediation\classes\utils.php on line 59
[17-Aug-2025 04:02:07 UTC] PHP Warning:  Attempt to read property "ID" on null in C:\laragon\www\Portfolio\wp-content\plugins\pojo-accessibility\modules\remediation\classes\utils.php on line 59
[17-Aug-2025 04:02:08 UTC] PHP Warning:  Attempt to read property "ID" on null in C:\laragon\www\Portfolio\wp-content\plugins\pojo-accessibility\modules\remediation\classes\utils.php on line 59
[17-Aug-2025 04:03:43 UTC] PHP Warning:  Attempt to read property "ID" on null in C:\laragon\www\Portfolio\wp-content\plugins\pojo-accessibility\modules\remediation\classes\utils.php on line 59
[17-Aug-2025 04:03:43 UTC] PHP Warning:  Attempt to read property "ID" on null in C:\laragon\www\Portfolio\wp-content\plugins\pojo-accessibility\modules\remediation\classes\utils.php on line 59
[17-Aug-2025 04:03:43 UTC] PHP Warning:  Attempt to read property "ID" on null in C:\laragon\www\Portfolio\wp-content\plugins\pojo-accessibility\modules\remediation\classes\utils.php on line 59
[17-Aug-2025 04:08:25 UTC] PHP Warning:  Attempt to read property "ID" on null in C:\laragon\www\Portfolio\wp-content\plugins\pojo-accessibility\modules\remediation\classes\utils.php on line 59
[17-Aug-2025 04:08:25 UTC] PHP Warning:  Attempt to read property "ID" on null in C:\laragon\www\Portfolio\wp-content\plugins\pojo-accessibility\modules\remediation\classes\utils.php on line 59
[17-Aug-2025 04:08:25 UTC] PHP Warning:  Attempt to read property "ID" on null in C:\laragon\www\Portfolio\wp-content\plugins\pojo-accessibility\modules\remediation\classes\utils.php on line 59
[17-Aug-2025 04:11:24 UTC] PHP Warning:  Attempt to read property "ID" on null in C:\laragon\www\Portfolio\wp-content\plugins\pojo-accessibility\modules\remediation\classes\utils.php on line 59
[17-Aug-2025 04:11:24 UTC] PHP Warning:  Attempt to read property "ID" on null in C:\laragon\www\Portfolio\wp-content\plugins\pojo-accessibility\modules\remediation\classes\utils.php on line 59
[17-Aug-2025 04:11:24 UTC] PHP Warning:  Attempt to read property "ID" on null in C:\laragon\www\Portfolio\wp-content\plugins\pojo-accessibility\modules\remediation\classes\utils.php on line 59
[17-Aug-2025 04:11:30 UTC] PHP Warning:  Attempt to read property "ID" on null in C:\laragon\www\Portfolio\wp-content\plugins\pojo-accessibility\modules\remediation\classes\utils.php on line 59
[17-Aug-2025 04:11:30 UTC] PHP Warning:  Attempt to read property "ID" on null in C:\laragon\www\Portfolio\wp-content\plugins\pojo-accessibility\modules\remediation\classes\utils.php on line 59
[17-Aug-2025 04:11:30 UTC] PHP Warning:  Attempt to read property "ID" on null in C:\laragon\www\Portfolio\wp-content\plugins\pojo-accessibility\modules\remediation\classes\utils.php on line 59
[17-Aug-2025 04:11:33 UTC] PHP Warning:  Attempt to read property "ID" on null in C:\laragon\www\Portfolio\wp-content\plugins\pojo-accessibility\modules\remediation\classes\utils.php on line 59
[17-Aug-2025 04:11:33 UTC] PHP Warning:  Attempt to read property "ID" on null in C:\laragon\www\Portfolio\wp-content\plugins\pojo-accessibility\modules\remediation\classes\utils.php on line 59
[17-Aug-2025 04:11:33 UTC] PHP Warning:  Attempt to read property "ID" on null in C:\laragon\www\Portfolio\wp-content\plugins\pojo-accessibility\modules\remediation\classes\utils.php on line 59
[17-Aug-2025 04:11:35 UTC] PHP Warning:  Attempt to read property "ID" on null in C:\laragon\www\Portfolio\wp-content\plugins\pojo-accessibility\modules\remediation\classes\utils.php on line 59
[17-Aug-2025 04:11:35 UTC] PHP Warning:  Attempt to read property "ID" on null in C:\laragon\www\Portfolio\wp-content\plugins\pojo-accessibility\modules\remediation\classes\utils.php on line 59
[17-Aug-2025 04:11:35 UTC] PHP Warning:  Attempt to read property "ID" on null in C:\laragon\www\Portfolio\wp-content\plugins\pojo-accessibility\modules\remediation\classes\utils.php on line 59
[17-Aug-2025 04:11:38 UTC] PHP Warning:  Attempt to read property "ID" on null in C:\laragon\www\Portfolio\wp-content\plugins\pojo-accessibility\modules\remediation\classes\utils.php on line 59
[17-Aug-2025 04:11:38 UTC] PHP Warning:  Attempt to read property "ID" on null in C:\laragon\www\Portfolio\wp-content\plugins\pojo-accessibility\modules\remediation\classes\utils.php on line 59
[17-Aug-2025 04:11:38 UTC] PHP Warning:  Attempt to read property "ID" on null in C:\laragon\www\Portfolio\wp-content\plugins\pojo-accessibility\modules\remediation\classes\utils.php on line 59
[17-Aug-2025 04:11:41 UTC] PHP Warning:  Attempt to read property "ID" on null in C:\laragon\www\Portfolio\wp-content\plugins\pojo-accessibility\modules\remediation\classes\utils.php on line 59
[17-Aug-2025 04:11:41 UTC] PHP Warning:  Attempt to read property "ID" on null in C:\laragon\www\Portfolio\wp-content\plugins\pojo-accessibility\modules\remediation\classes\utils.php on line 59
[17-Aug-2025 04:11:41 UTC] PHP Warning:  Attempt to read property "ID" on null in C:\laragon\www\Portfolio\wp-content\plugins\pojo-accessibility\modules\remediation\classes\utils.php on line 59
[17-Aug-2025 04:11:43 UTC] PHP Warning:  Attempt to read property "ID" on null in C:\laragon\www\Portfolio\wp-content\plugins\pojo-accessibility\modules\remediation\classes\utils.php on line 59
[17-Aug-2025 04:11:43 UTC] PHP Warning:  Attempt to read property "ID" on null in C:\laragon\www\Portfolio\wp-content\plugins\pojo-accessibility\modules\remediation\classes\utils.php on line 59
[17-Aug-2025 04:11:43 UTC] PHP Warning:  Attempt to read property "ID" on null in C:\laragon\www\Portfolio\wp-content\plugins\pojo-accessibility\modules\remediation\classes\utils.php on line 59
[17-Aug-2025 04:11:45 UTC] PHP Warning:  Attempt to read property "ID" on null in C:\laragon\www\Portfolio\wp-content\plugins\pojo-accessibility\modules\remediation\classes\utils.php on line 59
[17-Aug-2025 04:11:45 UTC] PHP Warning:  Attempt to read property "ID" on null in C:\laragon\www\Portfolio\wp-content\plugins\pojo-accessibility\modules\remediation\classes\utils.php on line 59
[17-Aug-2025 04:11:45 UTC] PHP Warning:  Attempt to read property "ID" on null in C:\laragon\www\Portfolio\wp-content\plugins\pojo-accessibility\modules\remediation\classes\utils.php on line 59
[17-Aug-2025 04:13:19 UTC] PHP Warning:  Attempt to read property "ID" on null in C:\laragon\www\Portfolio\wp-content\plugins\pojo-accessibility\modules\remediation\classes\utils.php on line 59
[17-Aug-2025 04:13:19 UTC] PHP Warning:  Attempt to read property "ID" on null in C:\laragon\www\Portfolio\wp-content\plugins\pojo-accessibility\modules\remediation\classes\utils.php on line 59
[17-Aug-2025 04:13:19 UTC] PHP Warning:  Attempt to read property "ID" on null in C:\laragon\www\Portfolio\wp-content\plugins\pojo-accessibility\modules\remediation\classes\utils.php on line 59
[17-Aug-2025 04:14:45 UTC] PHP Warning:  Attempt to read property "ID" on null in C:\laragon\www\Portfolio\wp-content\plugins\pojo-accessibility\modules\remediation\classes\utils.php on line 59
[17-Aug-2025 04:14:45 UTC] PHP Warning:  Attempt to read property "ID" on null in C:\laragon\www\Portfolio\wp-content\plugins\pojo-accessibility\modules\remediation\classes\utils.php on line 59
[17-Aug-2025 04:14:45 UTC] PHP Warning:  Attempt to read property "ID" on null in C:\laragon\www\Portfolio\wp-content\plugins\pojo-accessibility\modules\remediation\classes\utils.php on line 59
[17-Aug-2025 04:15:35 UTC] PHP Warning:  Attempt to read property "ID" on null in C:\laragon\www\Portfolio\wp-content\plugins\pojo-accessibility\modules\remediation\classes\utils.php on line 59
[17-Aug-2025 04:15:35 UTC] PHP Warning:  Attempt to read property "ID" on null in C:\laragon\www\Portfolio\wp-content\plugins\pojo-accessibility\modules\remediation\classes\utils.php on line 59
[17-Aug-2025 04:15:35 UTC] PHP Warning:  Attempt to read property "ID" on null in C:\laragon\www\Portfolio\wp-content\plugins\pojo-accessibility\modules\remediation\classes\utils.php on line 59
[17-Aug-2025 04:15:40 UTC] PHP Warning:  Attempt to read property "ID" on null in C:\laragon\www\Portfolio\wp-content\plugins\pojo-accessibility\modules\remediation\classes\utils.php on line 59
[17-Aug-2025 04:15:40 UTC] PHP Warning:  Attempt to read property "ID" on null in C:\laragon\www\Portfolio\wp-content\plugins\pojo-accessibility\modules\remediation\classes\utils.php on line 59
[17-Aug-2025 04:15:40 UTC] PHP Warning:  Attempt to read property "ID" on null in C:\laragon\www\Portfolio\wp-content\plugins\pojo-accessibility\modules\remediation\classes\utils.php on line 59
[17-Aug-2025 04:15:44 UTC] PHP Warning:  Attempt to read property "ID" on null in C:\laragon\www\Portfolio\wp-content\plugins\pojo-accessibility\modules\remediation\classes\utils.php on line 59
[17-Aug-2025 04:15:44 UTC] PHP Warning:  Attempt to read property "ID" on null in C:\laragon\www\Portfolio\wp-content\plugins\pojo-accessibility\modules\remediation\classes\utils.php on line 59
[17-Aug-2025 04:15:44 UTC] PHP Warning:  Attempt to read property "ID" on null in C:\laragon\www\Portfolio\wp-content\plugins\pojo-accessibility\modules\remediation\classes\utils.php on line 59
[17-Aug-2025 04:15:51 UTC] PHP Warning:  Attempt to read property "ID" on null in C:\laragon\www\Portfolio\wp-content\plugins\pojo-accessibility\modules\remediation\classes\utils.php on line 59
[17-Aug-2025 04:15:51 UTC] PHP Warning:  Attempt to read property "ID" on null in C:\laragon\www\Portfolio\wp-content\plugins\pojo-accessibility\modules\remediation\classes\utils.php on line 59
[17-Aug-2025 04:15:51 UTC] PHP Warning:  Attempt to read property "ID" on null in C:\laragon\www\Portfolio\wp-content\plugins\pojo-accessibility\modules\remediation\classes\utils.php on line 59
[17-Aug-2025 04:16:03 UTC] PHP Warning:  Unknown: Input variables exceeded 1000. To increase the limit change max_input_vars in php.ini. in Unknown on line 0
[17-Aug-2025 04:16:04 UTC] PHP Warning:  Undefined array key "column" in C:\laragon\www\Portfolio\wp-content\plugins\elementor\core\logger\items\js.php on line 16
[17-Aug-2025 04:16:04 UTC] PHP Warning:  Undefined array key "url" in C:\laragon\www\Portfolio\wp-content\plugins\elementor\core\logger\items\js.php on line 17
[17-Aug-2025 04:25:22 UTC] PHP Warning:  Attempt to read property "ID" on null in C:\laragon\www\Portfolio\wp-content\plugins\pojo-accessibility\modules\remediation\classes\utils.php on line 59
[17-Aug-2025 04:25:22 UTC] PHP Warning:  Attempt to read property "ID" on null in C:\laragon\www\Portfolio\wp-content\plugins\pojo-accessibility\modules\remediation\classes\utils.php on line 59
[17-Aug-2025 04:25:22 UTC] PHP Warning:  Attempt to read property "ID" on null in C:\laragon\www\Portfolio\wp-content\plugins\pojo-accessibility\modules\remediation\classes\utils.php on line 59
[17-Aug-2025 04:26:24 UTC] PHP Warning:  Attempt to read property "ID" on null in C:\laragon\www\Portfolio\wp-content\plugins\pojo-accessibility\modules\remediation\classes\utils.php on line 59
[17-Aug-2025 04:26:24 UTC] PHP Warning:  Attempt to read property "ID" on null in C:\laragon\www\Portfolio\wp-content\plugins\pojo-accessibility\modules\remediation\classes\utils.php on line 59
[17-Aug-2025 04:26:24 UTC] PHP Warning:  Attempt to read property "ID" on null in C:\laragon\www\Portfolio\wp-content\plugins\pojo-accessibility\modules\remediation\classes\utils.php on line 59
[17-Aug-2025 04:34:25 UTC] PHP Warning:  Attempt to read property "ID" on null in C:\laragon\www\Portfolio\wp-content\plugins\pojo-accessibility\modules\remediation\classes\utils.php on line 59
[17-Aug-2025 04:34:25 UTC] PHP Warning:  Attempt to read property "ID" on null in C:\laragon\www\Portfolio\wp-content\plugins\pojo-accessibility\modules\remediation\classes\utils.php on line 59
[17-Aug-2025 04:34:25 UTC] PHP Warning:  Attempt to read property "ID" on null in C:\laragon\www\Portfolio\wp-content\plugins\pojo-accessibility\modules\remediation\classes\utils.php on line 59
[17-Aug-2025 04:38:03 UTC] PHP Warning:  Attempt to read property "ID" on null in C:\laragon\www\Portfolio\wp-content\plugins\pojo-accessibility\modules\remediation\classes\utils.php on line 59
[17-Aug-2025 04:38:03 UTC] PHP Warning:  Attempt to read property "ID" on null in C:\laragon\www\Portfolio\wp-content\plugins\pojo-accessibility\modules\remediation\classes\utils.php on line 59
[17-Aug-2025 04:38:04 UTC] PHP Warning:  Attempt to read property "ID" on null in C:\laragon\www\Portfolio\wp-content\plugins\pojo-accessibility\modules\remediation\classes\utils.php on line 59
[17-Aug-2025 04:38:12 UTC] PHP Warning:  Attempt to read property "ID" on null in C:\laragon\www\Portfolio\wp-content\plugins\pojo-accessibility\modules\remediation\classes\utils.php on line 59
[17-Aug-2025 04:38:13 UTC] PHP Warning:  Attempt to read property "ID" on null in C:\laragon\www\Portfolio\wp-content\plugins\pojo-accessibility\modules\remediation\classes\utils.php on line 59
[17-Aug-2025 04:38:13 UTC] PHP Warning:  Attempt to read property "ID" on null in C:\laragon\www\Portfolio\wp-content\plugins\pojo-accessibility\modules\remediation\classes\utils.php on line 59
[17-Aug-2025 04:43:00 UTC] PHP Warning:  Attempt to read property "ID" on null in C:\laragon\www\Portfolio\wp-content\plugins\pojo-accessibility\modules\remediation\classes\utils.php on line 59
[17-Aug-2025 04:43:00 UTC] PHP Warning:  Attempt to read property "ID" on null in C:\laragon\www\Portfolio\wp-content\plugins\pojo-accessibility\modules\remediation\classes\utils.php on line 59
[17-Aug-2025 04:43:00 UTC] PHP Warning:  Attempt to read property "ID" on null in C:\laragon\www\Portfolio\wp-content\plugins\pojo-accessibility\modules\remediation\classes\utils.php on line 59
[17-Aug-2025 04:43:13 UTC] PHP Warning:  Attempt to read property "ID" on null in C:\laragon\www\Portfolio\wp-content\plugins\pojo-accessibility\modules\remediation\classes\utils.php on line 59
[17-Aug-2025 04:43:13 UTC] PHP Warning:  Attempt to read property "ID" on null in C:\laragon\www\Portfolio\wp-content\plugins\pojo-accessibility\modules\remediation\classes\utils.php on line 59
[17-Aug-2025 04:43:13 UTC] PHP Warning:  Attempt to read property "ID" on null in C:\laragon\www\Portfolio\wp-content\plugins\pojo-accessibility\modules\remediation\classes\utils.php on line 59
[17-Aug-2025 04:44:29 UTC] PHP Warning:  Attempt to read property "ID" on null in C:\laragon\www\Portfolio\wp-content\plugins\pojo-accessibility\modules\remediation\classes\utils.php on line 59
[17-Aug-2025 04:44:29 UTC] PHP Warning:  Attempt to read property "ID" on null in C:\laragon\www\Portfolio\wp-content\plugins\pojo-accessibility\modules\remediation\classes\utils.php on line 59
[17-Aug-2025 04:44:29 UTC] PHP Warning:  Attempt to read property "ID" on null in C:\laragon\www\Portfolio\wp-content\plugins\pojo-accessibility\modules\remediation\classes\utils.php on line 59
[17-Aug-2025 04:45:19 UTC] PHP Warning:  Attempt to read property "ID" on null in C:\laragon\www\Portfolio\wp-content\plugins\pojo-accessibility\modules\remediation\classes\utils.php on line 59
[17-Aug-2025 04:45:19 UTC] PHP Warning:  Attempt to read property "ID" on null in C:\laragon\www\Portfolio\wp-content\plugins\pojo-accessibility\modules\remediation\classes\utils.php on line 59
[17-Aug-2025 04:45:19 UTC] PHP Warning:  Attempt to read property "ID" on null in C:\laragon\www\Portfolio\wp-content\plugins\pojo-accessibility\modules\remediation\classes\utils.php on line 59
[17-Aug-2025 04:46:25 UTC] PHP Warning:  Attempt to read property "ID" on null in C:\laragon\www\Portfolio\wp-content\plugins\pojo-accessibility\modules\remediation\classes\utils.php on line 59
[17-Aug-2025 04:46:25 UTC] PHP Warning:  Attempt to read property "ID" on null in C:\laragon\www\Portfolio\wp-content\plugins\pojo-accessibility\modules\remediation\classes\utils.php on line 59
[17-Aug-2025 04:46:25 UTC] PHP Warning:  Attempt to read property "ID" on null in C:\laragon\www\Portfolio\wp-content\plugins\pojo-accessibility\modules\remediation\classes\utils.php on line 59
[17-Aug-2025 04:46:56 UTC] PHP Warning:  Attempt to read property "ID" on null in C:\laragon\www\Portfolio\wp-content\plugins\pojo-accessibility\modules\remediation\classes\utils.php on line 59
[17-Aug-2025 04:46:56 UTC] PHP Warning:  Attempt to read property "ID" on null in C:\laragon\www\Portfolio\wp-content\plugins\pojo-accessibility\modules\remediation\classes\utils.php on line 59
[17-Aug-2025 04:46:56 UTC] PHP Warning:  Attempt to read property "ID" on null in C:\laragon\www\Portfolio\wp-content\plugins\pojo-accessibility\modules\remediation\classes\utils.php on line 59
[17-Aug-2025 04:51:03 UTC] PHP Warning:  Attempt to read property "ID" on null in C:\laragon\www\Portfolio\wp-content\plugins\pojo-accessibility\modules\remediation\classes\utils.php on line 59
[17-Aug-2025 04:51:03 UTC] PHP Warning:  Attempt to read property "ID" on null in C:\laragon\www\Portfolio\wp-content\plugins\pojo-accessibility\modules\remediation\classes\utils.php on line 59
[17-Aug-2025 04:51:04 UTC] PHP Warning:  Attempt to read property "ID" on null in C:\laragon\www\Portfolio\wp-content\plugins\pojo-accessibility\modules\remediation\classes\utils.php on line 59
[17-Aug-2025 04:59:02 UTC] PHP Warning:  Attempt to read property "ID" on null in C:\laragon\www\Portfolio\wp-content\plugins\pojo-accessibility\modules\remediation\classes\utils.php on line 59
[17-Aug-2025 04:59:02 UTC] PHP Warning:  Attempt to read property "ID" on null in C:\laragon\www\Portfolio\wp-content\plugins\pojo-accessibility\modules\remediation\classes\utils.php on line 59
[17-Aug-2025 04:59:02 UTC] PHP Warning:  Attempt to read property "ID" on null in C:\laragon\www\Portfolio\wp-content\plugins\pojo-accessibility\modules\remediation\classes\utils.php on line 59
[17-Aug-2025 05:04:13 UTC] PHP Warning:  Attempt to read property "ID" on null in C:\laragon\www\Portfolio\wp-content\plugins\pojo-accessibility\modules\remediation\classes\utils.php on line 59
[17-Aug-2025 05:04:14 UTC] PHP Warning:  Attempt to read property "ID" on null in C:\laragon\www\Portfolio\wp-content\plugins\pojo-accessibility\modules\remediation\classes\utils.php on line 59
[17-Aug-2025 05:04:14 UTC] PHP Warning:  Attempt to read property "ID" on null in C:\laragon\www\Portfolio\wp-content\plugins\pojo-accessibility\modules\remediation\classes\utils.php on line 59
[17-Aug-2025 05:12:01 UTC] PHP Warning:  Attempt to read property "ID" on null in C:\laragon\www\Portfolio\wp-content\plugins\pojo-accessibility\modules\remediation\classes\utils.php on line 59
[17-Aug-2025 05:12:02 UTC] PHP Warning:  Attempt to read property "ID" on null in C:\laragon\www\Portfolio\wp-content\plugins\pojo-accessibility\modules\remediation\classes\utils.php on line 59
[17-Aug-2025 05:12:02 UTC] PHP Warning:  Attempt to read property "ID" on null in C:\laragon\www\Portfolio\wp-content\plugins\pojo-accessibility\modules\remediation\classes\utils.php on line 59
[17-Aug-2025 05:17:02 UTC] PHP Warning:  Attempt to read property "ID" on null in C:\laragon\www\Portfolio\wp-content\plugins\pojo-accessibility\modules\remediation\classes\utils.php on line 59
[17-Aug-2025 05:17:02 UTC] PHP Warning:  Attempt to read property "ID" on null in C:\laragon\www\Portfolio\wp-content\plugins\pojo-accessibility\modules\remediation\classes\utils.php on line 59
[17-Aug-2025 05:17:02 UTC] PHP Warning:  Attempt to read property "ID" on null in C:\laragon\www\Portfolio\wp-content\plugins\pojo-accessibility\modules\remediation\classes\utils.php on line 59
[17-Aug-2025 05:17:52 UTC] PHP Warning:  Attempt to read property "ID" on null in C:\laragon\www\Portfolio\wp-content\plugins\pojo-accessibility\modules\remediation\classes\utils.php on line 59
[17-Aug-2025 05:17:52 UTC] PHP Warning:  Attempt to read property "ID" on null in C:\laragon\www\Portfolio\wp-content\plugins\pojo-accessibility\modules\remediation\classes\utils.php on line 59
[17-Aug-2025 05:17:52 UTC] PHP Warning:  Attempt to read property "ID" on null in C:\laragon\www\Portfolio\wp-content\plugins\pojo-accessibility\modules\remediation\classes\utils.php on line 59
[17-Aug-2025 05:19:24 UTC] PHP Warning:  Attempt to read property "ID" on null in C:\laragon\www\Portfolio\wp-content\plugins\pojo-accessibility\modules\remediation\classes\utils.php on line 59
[17-Aug-2025 05:19:24 UTC] PHP Warning:  Attempt to read property "ID" on null in C:\laragon\www\Portfolio\wp-content\plugins\pojo-accessibility\modules\remediation\classes\utils.php on line 59
[17-Aug-2025 05:19:24 UTC] PHP Warning:  Attempt to read property "ID" on null in C:\laragon\www\Portfolio\wp-content\plugins\pojo-accessibility\modules\remediation\classes\utils.php on line 59
[17-Aug-2025 05:20:50 UTC] PHP Warning:  Attempt to read property "ID" on null in C:\laragon\www\Portfolio\wp-content\plugins\pojo-accessibility\modules\remediation\classes\utils.php on line 59
[17-Aug-2025 05:20:50 UTC] PHP Warning:  Attempt to read property "ID" on null in C:\laragon\www\Portfolio\wp-content\plugins\pojo-accessibility\modules\remediation\classes\utils.php on line 59
[17-Aug-2025 05:20:50 UTC] PHP Warning:  Attempt to read property "ID" on null in C:\laragon\www\Portfolio\wp-content\plugins\pojo-accessibility\modules\remediation\classes\utils.php on line 59
[17-Aug-2025 05:24:30 UTC] PHP Warning:  Attempt to read property "ID" on null in C:\laragon\www\Portfolio\wp-content\plugins\pojo-accessibility\modules\remediation\classes\utils.php on line 59
[17-Aug-2025 05:24:30 UTC] PHP Warning:  Attempt to read property "ID" on null in C:\laragon\www\Portfolio\wp-content\plugins\pojo-accessibility\modules\remediation\classes\utils.php on line 59
[17-Aug-2025 05:24:30 UTC] PHP Warning:  Attempt to read property "ID" on null in C:\laragon\www\Portfolio\wp-content\plugins\pojo-accessibility\modules\remediation\classes\utils.php on line 59
[17-Aug-2025 05:25:40 UTC] PHP Warning:  Attempt to read property "ID" on null in C:\laragon\www\Portfolio\wp-content\plugins\pojo-accessibility\modules\remediation\classes\utils.php on line 59
[17-Aug-2025 05:25:41 UTC] PHP Warning:  Attempt to read property "ID" on null in C:\laragon\www\Portfolio\wp-content\plugins\pojo-accessibility\modules\remediation\classes\utils.php on line 59
[17-Aug-2025 05:25:41 UTC] PHP Warning:  Attempt to read property "ID" on null in C:\laragon\www\Portfolio\wp-content\plugins\pojo-accessibility\modules\remediation\classes\utils.php on line 59
[17-Aug-2025 05:27:22 UTC] PHP Warning:  Attempt to read property "ID" on null in C:\laragon\www\Portfolio\wp-content\plugins\pojo-accessibility\modules\remediation\classes\utils.php on line 59
[17-Aug-2025 05:27:22 UTC] PHP Warning:  Attempt to read property "ID" on null in C:\laragon\www\Portfolio\wp-content\plugins\pojo-accessibility\modules\remediation\classes\utils.php on line 59
[17-Aug-2025 05:27:23 UTC] PHP Warning:  Attempt to read property "ID" on null in C:\laragon\www\Portfolio\wp-content\plugins\pojo-accessibility\modules\remediation\classes\utils.php on line 59
[17-Aug-2025 05:28:06 UTC] PHP Warning:  Attempt to read property "ID" on null in C:\laragon\www\Portfolio\wp-content\plugins\pojo-accessibility\modules\remediation\classes\utils.php on line 59
[17-Aug-2025 05:28:06 UTC] PHP Warning:  Attempt to read property "ID" on null in C:\laragon\www\Portfolio\wp-content\plugins\pojo-accessibility\modules\remediation\classes\utils.php on line 59
[17-Aug-2025 05:28:06 UTC] PHP Warning:  Attempt to read property "ID" on null in C:\laragon\www\Portfolio\wp-content\plugins\pojo-accessibility\modules\remediation\classes\utils.php on line 59
[17-Aug-2025 05:28:36 UTC] PHP Warning:  Attempt to read property "ID" on null in C:\laragon\www\Portfolio\wp-content\plugins\pojo-accessibility\modules\remediation\classes\utils.php on line 59
[17-Aug-2025 05:28:36 UTC] PHP Warning:  Attempt to read property "ID" on null in C:\laragon\www\Portfolio\wp-content\plugins\pojo-accessibility\modules\remediation\classes\utils.php on line 59
[17-Aug-2025 05:28:36 UTC] PHP Warning:  Attempt to read property "ID" on null in C:\laragon\www\Portfolio\wp-content\plugins\pojo-accessibility\modules\remediation\classes\utils.php on line 59
[17-Aug-2025 05:28:51 UTC] PHP Warning:  Attempt to read property "ID" on null in C:\laragon\www\Portfolio\wp-content\plugins\pojo-accessibility\modules\remediation\classes\utils.php on line 59
[17-Aug-2025 05:28:51 UTC] PHP Warning:  Attempt to read property "ID" on null in C:\laragon\www\Portfolio\wp-content\plugins\pojo-accessibility\modules\remediation\classes\utils.php on line 59
[17-Aug-2025 05:28:51 UTC] PHP Warning:  Attempt to read property "ID" on null in C:\laragon\www\Portfolio\wp-content\plugins\pojo-accessibility\modules\remediation\classes\utils.php on line 59
[17-Aug-2025 05:29:29 UTC] PHP Warning:  Attempt to read property "ID" on null in C:\laragon\www\Portfolio\wp-content\plugins\pojo-accessibility\modules\remediation\classes\utils.php on line 59
[17-Aug-2025 05:29:29 UTC] PHP Warning:  Attempt to read property "ID" on null in C:\laragon\www\Portfolio\wp-content\plugins\pojo-accessibility\modules\remediation\classes\utils.php on line 59
[17-Aug-2025 05:29:29 UTC] PHP Warning:  Attempt to read property "ID" on null in C:\laragon\www\Portfolio\wp-content\plugins\pojo-accessibility\modules\remediation\classes\utils.php on line 59
[17-Aug-2025 05:29:59 UTC] PHP Warning:  Attempt to read property "ID" on null in C:\laragon\www\Portfolio\wp-content\plugins\pojo-accessibility\modules\remediation\classes\utils.php on line 59
[17-Aug-2025 05:29:59 UTC] PHP Warning:  Attempt to read property "ID" on null in C:\laragon\www\Portfolio\wp-content\plugins\pojo-accessibility\modules\remediation\classes\utils.php on line 59
[17-Aug-2025 05:29:59 UTC] PHP Warning:  Attempt to read property "ID" on null in C:\laragon\www\Portfolio\wp-content\plugins\pojo-accessibility\modules\remediation\classes\utils.php on line 59
[17-Aug-2025 05:30:24 UTC] PHP Warning:  Attempt to read property "ID" on null in C:\laragon\www\Portfolio\wp-content\plugins\pojo-accessibility\modules\remediation\classes\utils.php on line 59
[17-Aug-2025 05:30:24 UTC] PHP Warning:  Attempt to read property "ID" on null in C:\laragon\www\Portfolio\wp-content\plugins\pojo-accessibility\modules\remediation\classes\utils.php on line 59
[17-Aug-2025 05:30:24 UTC] PHP Warning:  Attempt to read property "ID" on null in C:\laragon\www\Portfolio\wp-content\plugins\pojo-accessibility\modules\remediation\classes\utils.php on line 59
[17-Aug-2025 05:31:13 UTC] PHP Warning:  Attempt to read property "ID" on null in C:\laragon\www\Portfolio\wp-content\plugins\pojo-accessibility\modules\remediation\classes\utils.php on line 59
[17-Aug-2025 05:31:13 UTC] PHP Warning:  Attempt to read property "ID" on null in C:\laragon\www\Portfolio\wp-content\plugins\pojo-accessibility\modules\remediation\classes\utils.php on line 59
[17-Aug-2025 05:31:13 UTC] PHP Warning:  Attempt to read property "ID" on null in C:\laragon\www\Portfolio\wp-content\plugins\pojo-accessibility\modules\remediation\classes\utils.php on line 59
[17-Aug-2025 05:31:44 UTC] PHP Warning:  Attempt to read property "ID" on null in C:\laragon\www\Portfolio\wp-content\plugins\pojo-accessibility\modules\remediation\classes\utils.php on line 59
[17-Aug-2025 05:31:44 UTC] PHP Warning:  Attempt to read property "ID" on null in C:\laragon\www\Portfolio\wp-content\plugins\pojo-accessibility\modules\remediation\classes\utils.php on line 59
[17-Aug-2025 05:31:44 UTC] PHP Warning:  Attempt to read property "ID" on null in C:\laragon\www\Portfolio\wp-content\plugins\pojo-accessibility\modules\remediation\classes\utils.php on line 59
[17-Aug-2025 05:32:14 UTC] PHP Warning:  Attempt to read property "ID" on null in C:\laragon\www\Portfolio\wp-content\plugins\pojo-accessibility\modules\remediation\classes\utils.php on line 59
[17-Aug-2025 05:32:14 UTC] PHP Warning:  Attempt to read property "ID" on null in C:\laragon\www\Portfolio\wp-content\plugins\pojo-accessibility\modules\remediation\classes\utils.php on line 59
[17-Aug-2025 05:32:14 UTC] PHP Warning:  Attempt to read property "ID" on null in C:\laragon\www\Portfolio\wp-content\plugins\pojo-accessibility\modules\remediation\classes\utils.php on line 59
[17-Aug-2025 05:32:50 UTC] PHP Warning:  Attempt to read property "ID" on null in C:\laragon\www\Portfolio\wp-content\plugins\pojo-accessibility\modules\remediation\classes\utils.php on line 59
[17-Aug-2025 05:32:50 UTC] PHP Warning:  Attempt to read property "ID" on null in C:\laragon\www\Portfolio\wp-content\plugins\pojo-accessibility\modules\remediation\classes\utils.php on line 59
[17-Aug-2025 05:32:50 UTC] PHP Warning:  Attempt to read property "ID" on null in C:\laragon\www\Portfolio\wp-content\plugins\pojo-accessibility\modules\remediation\classes\utils.php on line 59
[19-Aug-2025 11:15:37 UTC] PHP Warning:  Attempt to read property "ID" on null in C:\laragon\www\Portfolio\wp-content\plugins\pojo-accessibility\modules\remediation\classes\utils.php on line 59
[19-Aug-2025 11:15:38 UTC] PHP Warning:  Attempt to read property "ID" on null in C:\laragon\www\Portfolio\wp-content\plugins\pojo-accessibility\modules\remediation\classes\utils.php on line 59
[19-Aug-2025 11:15:38 UTC] PHP Warning:  Attempt to read property "ID" on null in C:\laragon\www\Portfolio\wp-content\plugins\pojo-accessibility\modules\remediation\classes\utils.php on line 59
[19-Aug-2025 11:16:04 UTC] PHP Warning:  Attempt to read property "ID" on null in C:\laragon\www\Portfolio\wp-content\plugins\pojo-accessibility\modules\remediation\classes\utils.php on line 59
[19-Aug-2025 11:16:04 UTC] PHP Warning:  Attempt to read property "ID" on null in C:\laragon\www\Portfolio\wp-content\plugins\pojo-accessibility\modules\remediation\classes\utils.php on line 59
[19-Aug-2025 11:16:05 UTC] PHP Warning:  Attempt to read property "ID" on null in C:\laragon\www\Portfolio\wp-content\plugins\pojo-accessibility\modules\remediation\classes\utils.php on line 59
[19-Aug-2025 11:16:17 UTC] PHP Warning:  Attempt to read property "ID" on null in C:\laragon\www\Portfolio\wp-content\plugins\pojo-accessibility\modules\remediation\classes\utils.php on line 59
[19-Aug-2025 11:16:17 UTC] PHP Warning:  Attempt to read property "ID" on null in C:\laragon\www\Portfolio\wp-content\plugins\pojo-accessibility\modules\remediation\classes\utils.php on line 59
[19-Aug-2025 11:16:17 UTC] PHP Warning:  Attempt to read property "ID" on null in C:\laragon\www\Portfolio\wp-content\plugins\pojo-accessibility\modules\remediation\classes\utils.php on line 59
[19-Aug-2025 11:16:57 UTC] PHP Warning:  Attempt to read property "ID" on null in C:\laragon\www\Portfolio\wp-content\plugins\pojo-accessibility\modules\remediation\classes\utils.php on line 59
[19-Aug-2025 11:16:57 UTC] PHP Warning:  Attempt to read property "ID" on null in C:\laragon\www\Portfolio\wp-content\plugins\pojo-accessibility\modules\remediation\classes\utils.php on line 59
[19-Aug-2025 11:16:57 UTC] PHP Warning:  Attempt to read property "ID" on null in C:\laragon\www\Portfolio\wp-content\plugins\pojo-accessibility\modules\remediation\classes\utils.php on line 59
[19-Aug-2025 11:17:05 UTC] PHP Warning:  Attempt to read property "ID" on null in C:\laragon\www\Portfolio\wp-content\plugins\pojo-accessibility\modules\remediation\classes\utils.php on line 59
[19-Aug-2025 11:17:05 UTC] PHP Warning:  Attempt to read property "ID" on null in C:\laragon\www\Portfolio\wp-content\plugins\pojo-accessibility\modules\remediation\classes\utils.php on line 59
[19-Aug-2025 11:17:05 UTC] PHP Warning:  Attempt to read property "ID" on null in C:\laragon\www\Portfolio\wp-content\plugins\pojo-accessibility\modules\remediation\classes\utils.php on line 59
[19-Aug-2025 11:17:14 UTC] PHP Warning:  Attempt to read property "ID" on null in C:\laragon\www\Portfolio\wp-content\plugins\pojo-accessibility\modules\remediation\classes\utils.php on line 59
[19-Aug-2025 11:17:14 UTC] PHP Warning:  Attempt to read property "ID" on null in C:\laragon\www\Portfolio\wp-content\plugins\pojo-accessibility\modules\remediation\classes\utils.php on line 59
[19-Aug-2025 11:17:14 UTC] PHP Warning:  Attempt to read property "ID" on null in C:\laragon\www\Portfolio\wp-content\plugins\pojo-accessibility\modules\remediation\classes\utils.php on line 59
[19-Aug-2025 11:18:33 UTC] PHP Warning:  Attempt to read property "ID" on null in C:\laragon\www\Portfolio\wp-content\plugins\pojo-accessibility\modules\remediation\classes\utils.php on line 59
[19-Aug-2025 11:18:33 UTC] PHP Warning:  Attempt to read property "ID" on null in C:\laragon\www\Portfolio\wp-content\plugins\pojo-accessibility\modules\remediation\classes\utils.php on line 59
[19-Aug-2025 11:18:33 UTC] PHP Warning:  Attempt to read property "ID" on null in C:\laragon\www\Portfolio\wp-content\plugins\pojo-accessibility\modules\remediation\classes\utils.php on line 59
[19-Aug-2025 11:30:56 UTC] PHP Warning:  Attempt to read property "ID" on null in C:\laragon\www\Portfolio\wp-content\plugins\pojo-accessibility\modules\remediation\classes\utils.php on line 59
[19-Aug-2025 11:30:57 UTC] PHP Warning:  Attempt to read property "ID" on null in C:\laragon\www\Portfolio\wp-content\plugins\pojo-accessibility\modules\remediation\classes\utils.php on line 59
[19-Aug-2025 11:30:57 UTC] PHP Warning:  Attempt to read property "ID" on null in C:\laragon\www\Portfolio\wp-content\plugins\pojo-accessibility\modules\remediation\classes\utils.php on line 59
[19-Aug-2025 11:31:02 UTC] PHP Warning:  Attempt to read property "ID" on null in C:\laragon\www\Portfolio\wp-content\plugins\pojo-accessibility\modules\remediation\classes\utils.php on line 59
[19-Aug-2025 11:31:02 UTC] PHP Warning:  Attempt to read property "ID" on null in C:\laragon\www\Portfolio\wp-content\plugins\pojo-accessibility\modules\remediation\classes\utils.php on line 59
[19-Aug-2025 11:31:02 UTC] PHP Warning:  Attempt to read property "ID" on null in C:\laragon\www\Portfolio\wp-content\plugins\pojo-accessibility\modules\remediation\classes\utils.php on line 59
[19-Aug-2025 11:32:35 UTC] PHP Warning:  Attempt to read property "ID" on null in C:\laragon\www\Portfolio\wp-content\plugins\pojo-accessibility\modules\remediation\classes\utils.php on line 59
[19-Aug-2025 11:32:36 UTC] PHP Warning:  Attempt to read property "ID" on null in C:\laragon\www\Portfolio\wp-content\plugins\pojo-accessibility\modules\remediation\classes\utils.php on line 59
[19-Aug-2025 11:32:36 UTC] PHP Warning:  Attempt to read property "ID" on null in C:\laragon\www\Portfolio\wp-content\plugins\pojo-accessibility\modules\remediation\classes\utils.php on line 59
[19-Aug-2025 11:33:22 UTC] PHP Warning:  Attempt to read property "ID" on null in C:\laragon\www\Portfolio\wp-content\plugins\pojo-accessibility\modules\remediation\classes\utils.php on line 59
[19-Aug-2025 11:33:22 UTC] PHP Warning:  Attempt to read property "ID" on null in C:\laragon\www\Portfolio\wp-content\plugins\pojo-accessibility\modules\remediation\classes\utils.php on line 59
[19-Aug-2025 11:33:22 UTC] PHP Warning:  Attempt to read property "ID" on null in C:\laragon\www\Portfolio\wp-content\plugins\pojo-accessibility\modules\remediation\classes\utils.php on line 59
[19-Aug-2025 11:35:28 UTC] PHP Warning:  Attempt to read property "ID" on null in C:\laragon\www\Portfolio\wp-content\plugins\pojo-accessibility\modules\remediation\classes\utils.php on line 59
[19-Aug-2025 11:35:28 UTC] PHP Warning:  Attempt to read property "ID" on null in C:\laragon\www\Portfolio\wp-content\plugins\pojo-accessibility\modules\remediation\classes\utils.php on line 59
[19-Aug-2025 11:35:28 UTC] PHP Warning:  Attempt to read property "ID" on null in C:\laragon\www\Portfolio\wp-content\plugins\pojo-accessibility\modules\remediation\classes\utils.php on line 59
[19-Aug-2025 11:36:56 UTC] PHP Warning:  Attempt to read property "ID" on null in C:\laragon\www\Portfolio\wp-content\plugins\pojo-accessibility\modules\remediation\classes\utils.php on line 59
[19-Aug-2025 11:36:56 UTC] PHP Warning:  Attempt to read property "ID" on null in C:\laragon\www\Portfolio\wp-content\plugins\pojo-accessibility\modules\remediation\classes\utils.php on line 59
[19-Aug-2025 11:36:56 UTC] PHP Warning:  Attempt to read property "ID" on null in C:\laragon\www\Portfolio\wp-content\plugins\pojo-accessibility\modules\remediation\classes\utils.php on line 59
[19-Aug-2025 11:37:46 UTC] PHP Warning:  Attempt to read property "ID" on null in C:\laragon\www\Portfolio\wp-content\plugins\pojo-accessibility\modules\remediation\classes\utils.php on line 59
[19-Aug-2025 11:37:46 UTC] PHP Warning:  Attempt to read property "ID" on null in C:\laragon\www\Portfolio\wp-content\plugins\pojo-accessibility\modules\remediation\classes\utils.php on line 59
[19-Aug-2025 11:37:46 UTC] PHP Warning:  Attempt to read property "ID" on null in C:\laragon\www\Portfolio\wp-content\plugins\pojo-accessibility\modules\remediation\classes\utils.php on line 59
[19-Aug-2025 11:45:58 UTC] PHP Warning:  Attempt to read property "ID" on null in C:\laragon\www\Portfolio\wp-content\plugins\pojo-accessibility\modules\remediation\classes\utils.php on line 59
[19-Aug-2025 11:45:58 UTC] PHP Warning:  Attempt to read property "ID" on null in C:\laragon\www\Portfolio\wp-content\plugins\pojo-accessibility\modules\remediation\classes\utils.php on line 59
[19-Aug-2025 11:45:58 UTC] PHP Warning:  Attempt to read property "ID" on null in C:\laragon\www\Portfolio\wp-content\plugins\pojo-accessibility\modules\remediation\classes\utils.php on line 59
[19-Aug-2025 11:46:09 UTC] PHP Warning:  Attempt to read property "ID" on null in C:\laragon\www\Portfolio\wp-content\plugins\pojo-accessibility\modules\remediation\classes\utils.php on line 59
[19-Aug-2025 11:46:09 UTC] PHP Warning:  Attempt to read property "ID" on null in C:\laragon\www\Portfolio\wp-content\plugins\pojo-accessibility\modules\remediation\classes\utils.php on line 59
[19-Aug-2025 11:46:09 UTC] PHP Warning:  Attempt to read property "ID" on null in C:\laragon\www\Portfolio\wp-content\plugins\pojo-accessibility\modules\remediation\classes\utils.php on line 59
[19-Aug-2025 11:46:29 UTC] PHP Warning:  Attempt to read property "ID" on null in C:\laragon\www\Portfolio\wp-content\plugins\pojo-accessibility\modules\remediation\classes\utils.php on line 59
[19-Aug-2025 11:46:29 UTC] PHP Warning:  Attempt to read property "ID" on null in C:\laragon\www\Portfolio\wp-content\plugins\pojo-accessibility\modules\remediation\classes\utils.php on line 59
[19-Aug-2025 11:46:29 UTC] PHP Warning:  Attempt to read property "ID" on null in C:\laragon\www\Portfolio\wp-content\plugins\pojo-accessibility\modules\remediation\classes\utils.php on line 59
[19-Aug-2025 11:47:44 UTC] PHP Warning:  Attempt to read property "ID" on null in C:\laragon\www\Portfolio\wp-content\plugins\pojo-accessibility\modules\remediation\classes\utils.php on line 59
[19-Aug-2025 11:47:44 UTC] PHP Warning:  Attempt to read property "ID" on null in C:\laragon\www\Portfolio\wp-content\plugins\pojo-accessibility\modules\remediation\classes\utils.php on line 59
[19-Aug-2025 11:47:44 UTC] PHP Warning:  Attempt to read property "ID" on null in C:\laragon\www\Portfolio\wp-content\plugins\pojo-accessibility\modules\remediation\classes\utils.php on line 59
[19-Aug-2025 11:49:29 UTC] PHP Warning:  Attempt to read property "ID" on null in C:\laragon\www\Portfolio\wp-content\plugins\pojo-accessibility\modules\remediation\classes\utils.php on line 59
[19-Aug-2025 11:49:29 UTC] PHP Warning:  Attempt to read property "ID" on null in C:\laragon\www\Portfolio\wp-content\plugins\pojo-accessibility\modules\remediation\classes\utils.php on line 59
[19-Aug-2025 11:49:29 UTC] PHP Warning:  Attempt to read property "ID" on null in C:\laragon\www\Portfolio\wp-content\plugins\pojo-accessibility\modules\remediation\classes\utils.php on line 59
[19-Aug-2025 11:49:34 UTC] PHP Warning:  Attempt to read property "ID" on null in C:\laragon\www\Portfolio\wp-content\plugins\pojo-accessibility\modules\remediation\classes\utils.php on line 59
[19-Aug-2025 11:49:34 UTC] PHP Warning:  Attempt to read property "ID" on null in C:\laragon\www\Portfolio\wp-content\plugins\pojo-accessibility\modules\remediation\classes\utils.php on line 59
[19-Aug-2025 11:49:34 UTC] PHP Warning:  Attempt to read property "ID" on null in C:\laragon\www\Portfolio\wp-content\plugins\pojo-accessibility\modules\remediation\classes\utils.php on line 59
[19-Aug-2025 11:50:31 UTC] PHP Warning:  Attempt to read property "ID" on null in C:\laragon\www\Portfolio\wp-content\plugins\pojo-accessibility\modules\remediation\classes\utils.php on line 59
[19-Aug-2025 11:50:31 UTC] PHP Warning:  Attempt to read property "ID" on null in C:\laragon\www\Portfolio\wp-content\plugins\pojo-accessibility\modules\remediation\classes\utils.php on line 59
[19-Aug-2025 11:50:31 UTC] PHP Warning:  Attempt to read property "ID" on null in C:\laragon\www\Portfolio\wp-content\plugins\pojo-accessibility\modules\remediation\classes\utils.php on line 59
[19-Aug-2025 11:50:39 UTC] PHP Warning:  Attempt to read property "ID" on null in C:\laragon\www\Portfolio\wp-content\plugins\pojo-accessibility\modules\remediation\classes\utils.php on line 59
[19-Aug-2025 11:50:39 UTC] PHP Warning:  Attempt to read property "ID" on null in C:\laragon\www\Portfolio\wp-content\plugins\pojo-accessibility\modules\remediation\classes\utils.php on line 59
[19-Aug-2025 11:50:39 UTC] PHP Warning:  Attempt to read property "ID" on null in C:\laragon\www\Portfolio\wp-content\plugins\pojo-accessibility\modules\remediation\classes\utils.php on line 59
[19-Aug-2025 11:55:11 UTC] PHP Warning:  Attempt to read property "ID" on null in C:\laragon\www\Portfolio\wp-content\plugins\pojo-accessibility\modules\remediation\classes\utils.php on line 59
[19-Aug-2025 11:55:11 UTC] PHP Warning:  Attempt to read property "ID" on null in C:\laragon\www\Portfolio\wp-content\plugins\pojo-accessibility\modules\remediation\classes\utils.php on line 59
[19-Aug-2025 11:55:11 UTC] PHP Warning:  Attempt to read property "ID" on null in C:\laragon\www\Portfolio\wp-content\plugins\pojo-accessibility\modules\remediation\classes\utils.php on line 59
